Job-shop model

Number of work stations                    4

Number of machines in each station         1    1  999    2

Number of job types                        3

Number of tasks for each job type          3    3    2

Distribution function of job types     0.850   0.950   1.000

Mean interarrival time of jobs          0.50 minutes

Length of the simulation                90.0 minutes


Job type     Work stations on route

   1            1    3    4

   2            2    3    4

   3            3    4


Job type     Mean service time (in hours) for successive tasks

   1         0.74     0.21     0.56

   2         2.06     0.17     0.89

   3         0.26     1.01



Job type     Average total delay in queue     Maximum total delay in queue

   1                      0.447                        2.637

   2                      0.025                        0.223

   3                      0.003                        0.039

Overall average job total delay =    22.942



 Work      Average number      Average       Average delay
station       in queue       utilization        in queue

   1           85.731            0.995           26.595

   2            0.438            0.640            1.408

   3            0.000            0.000            0.000

   4            0.153            0.624            0.082


 Work      Maximum number      Maximum       Maximum delay
station       in queue       utilization        in queue

   1          168.000            1.000           52.732

   2            3.000            1.000            4.464

   3            0.000            0.003            0.000

   4            3.000            1.000            1.157